<?xml version="1.0" encoding="UTF-8"?>
<testsuite name="com.vincenthoang.system787.testcrud.domain.PersonTest" tests="1" skipped="0" failures="0" errors="0" timestamp="2019-06-13T05:27:55" hostname="Vincents-iMac" time="0.001">
  <properties/>
  <testcase name="testUserConstructorEqualsCase" classname="com.vincenthoang.system787.testcrud.domain.PersonTest" time="0.001"/>
  <system-out><![CDATA[]]></system-out>
  <system-err><![CDATA[]]></system-err>
</testsuite>
